# JRE version: OpenJDK Runtime Environment (8.0_171-b10) (build 1.8.0_171-b10)
# Java VM: OpenJDK 64-Bit Server VM (25.171-b10 mixed mode linux-amd64 compressed oops)
Heap:
 PSYoungGen      total 4208640K, used 256K [0x0000000580100000, 0x0000000681900000, 0x0000000800000000)
  eden space 4198400K, 0% used [0x0000000580100000,0x0000000580100000,0x0000000680500000)
  from space 10240K, 2% used [0x0000000680500000,0x0000000680540000,0x0000000680f00000)
  to   space 9728K, 0% used [0x0000000680f80000,0x0000000680f80000,0x0000000681900000)
 ParOldGen       total 1398272K, used 4760K [0x0000000080200000, 0x00000000d5780000, 0x0000000580100000)
  object space 1398272K, 0% used [0x0000000080200000,0x00000000806a6080,0x00000000d5780000)
 Metaspace       used 17952K, capacity 18214K, committed 18560K, reserved 1064960K
  class space    used 2590K, capacity 2663K, committed 2688K, reserved 1048576K
GC Heap History (10 events):
Event: 5.337 GC heap after
Heap after GC invocations=2 (full 0):
 PSYoungGen      total 1136640K, used 4935K [0x0000000580100000, 0x00000005cac00000, 0x0000000800000000)
  eden space 1049600K, 0% used [0x0000000580100000,0x0000000580100000,0x00000005c0200000)
  from space 87040K, 5% used [0x00000005c5700000,0x00000005c5bd1d50,0x00000005cac00000)
  to   space 87040K, 0% used [0x00000005c0200000,0x00000005c0200000,0x00000005c5700000)
 ParOldGen       total 1398272K, used 88K [0x0000000080200000, 0x00000000d5780000, 0x0000000580100000)
  object space 1398272K, 0% used [0x0000000080200000,0x0000000080216010,0x00000000d5780000)
 Metaspace       used 17890K, capacity 18150K, committed 18304K, reserved 1064960K
  class space    used 2590K, capacity 2663K, committed 2688K, reserved 1048576K
}
Event: 7.555 GC heap before
{Heap before GC invocations=3 (full 0):
 PSYoungGen      total 1136640K, used 1054535K [0x0000000580100000, 0x00000005cac00000, 0x0000000800000000)
  eden space 1049600K, 100% used [0x0000000580100000,0x00000005c0200000,0x00000005c0200000)
  from space 87040K, 5% used [0x00000005c5700000,0x00000005c5bd1d50,0x00000005cac00000)
  to   space 87040K, 0% used [0x00000005c0200000,0x00000005c0200000,0x00000005c5700000)
 ParOldGen       total 1398272K, used 88K [0x0000000080200000, 0x00000000d5780000, 0x0000000580100000)
  object space 1398272K, 0% used [0x0000000080200000,0x0000000080216010,0x00000000d5780000)
 Metaspace       used 17901K, capacity 18150K, committed 18304K, reserved 1064960K
  class space    used 2590K, capacity 2663K, committed 2688K, reserved 1048576K
Event: 7.642 GC heap after
Heap after GC invocations=3 (full 0):
 PSYoungGen      total 1136640K, used 5607K [0x0000000580100000, 0x000000060ad00000, 0x0000000800000000)
  eden space 1049600K, 0% used [0x0000000580100000,0x0000000580100000,0x00000005c0200000)
  from space 87040K, 6% used [0x00000005c0200000,0x00000005c0779d30,0x00000005c5700000)
  to   space 87040K, 0% used [0x0000000605800000,0x0000000605800000,0x000000060ad00000)
 ParOldGen       total 1398272K, used 96K [0x0000000080200000, 0x00000000d5780000, 0x0000000580100000)
  object space 1398272K, 0% used [0x0000000080200000,0x0000000080218010,0x00000000d5780000)
 Metaspace       used 17901K, capacity 18150K, committed 18304K, reserved 1064960K
  class space    used 2590K, capacity 2663K, committed 2688K, reserved 1048576K
}
Event: 9.287 GC heap before
{Heap before GC invocations=4 (full 0):
 PSYoungGen      total 1136640K, used 1055207K [0x0000000580100000, 0x000000060ad00000, 0x0000000800000000)
  eden space 1049600K, 100% used [0x0000000580100000,0x00000005c0200000,0x00000005c0200000)
  from space 87040K, 6% used [0x00000005c0200000,0x00000005c0779d30,0x00000005c5700000)
  to   space 87040K, 0% used [0x0000000605800000,0x0000000605800000,0x000000060ad00000)
 ParOldGen       total 1398272K, used 96K [0x0000000080200000, 0x00000000d5780000, 0x0000000580100000)
  object space 1398272K, 0% used [0x0000000080200000,0x0000000080218010,0x00000000d5780000)
 Metaspace       used 17916K, capacity 18150K, committed 18304K, reserved 1064960K
  class space    used 2590K, capacity 2663K, committed 2688K, reserved 1048576K
Event: 9.321 GC heap after
Heap after GC invocations=4 (full 0):
 PSYoungGen      total 2186240K, used 4847K [0x0000000580100000, 0x000000060ad00000, 0x0000000800000000)
  eden space 2099200K, 0% used [0x0000000580100000,0x0000000580100000,0x0000000600300000)
  from space 87040K, 5% used [0x0000000605800000,0x0000000605cbbf10,0x000000060ad00000)
  to   space 87040K, 0% used [0x0000000600300000,0x0000000600300000,0x0000000605800000)
 ParOldGen       total 1398272K, used 96K [0x0000000080200000, 0x00000000d5780000, 0x0000000580100000)
  object space 1398272K, 0% used [0x0000000080200000,0x0000000080218010,0x00000000d5780000)
 Metaspace       used 17916K, capacity 18150K, committed 18304K, reserved 1064960K
  class space    used 2590K, capacity 2663K, committed 2688K, reserved 1048576K
}
Event: 13.123 GC heap before
{Heap before GC invocations=5 (full 0):
 PSYoungGen      total 2186240K, used 2104047K [0x0000000580100000, 0x000000060ad00000, 0x0000000800000000)
  eden space 2099200K, 100% used [0x0000000580100000,0x0000000600300000,0x0000000600300000)
  from space 87040K, 5% used [0x0000000605800000,0x0000000605cbbf10,0x000000060ad00000)
  to   space 87040K, 0% used [0x0000000600300000,0x0000000600300000,0x0000000605800000)
 ParOldGen       total 1398272K, used 96K [0x0000000080200000, 0x00000000d5780000, 0x0000000580100000)
  object space 1398272K, 0% used [0x0000000080200000,0x0000000080218010,0x00000000d5780000)
 Metaspace       used 17925K, capacity 18150K, committed 18304K, reserved 1064960K
  class space    used 2590K, capacity 2663K, committed 2688K, reserved 1048576K
Event: 13.150 GC heap after
Heap after GC invocations=5 (full 0):
 PSYoungGen      total 2186240K, used 4831K [0x0000000580100000, 0x0000000681a00000, 0x0000000800000000)
  eden space 2099200K, 0% used [0x0000000580100000,0x0000000580100000,0x0000000600300000)
  from space 87040K, 5% used [0x0000000600300000,0x00000006007b7f00,0x0000000605800000)
  to   space 10752K, 0% used [0x0000000680f80000,0x0000000680f80000,0x0000000681a00000)
 ParOldGen       total 1398272K, used 104K [0x0000000080200000, 0x00000000d5780000, 0x0000000580100000)
  object space 1398272K, 0% used [0x0000000080200000,0x000000008021a010,0x00000000d5780000)
 Metaspace       used 17925K, capacity 18150K, committed 18304K, reserved 1064960K
  class space    used 2590K, capacity 2663K, committed 2688K, reserved 1048576K
}
Event: 16.597 GC heap before
{Heap before GC invocations=6 (full 0):
 PSYoungGen      total 2186240K, used 2104031K [0x0000000580100000, 0x0000000681a00000, 0x0000000800000000)
  eden space 2099200K, 100% used [0x0000000580100000,0x0000000600300000,0x0000000600300000)
  from space 87040K, 5% used [0x0000000600300000,0x00000006007b7f00,0x0000000605800000)
  to   space 10752K, 0% used [0x0000000680f80000,0x0000000680f80000,0x0000000681a00000)
 ParOldGen       total 1398272K, used 104K [0x0000000080200000, 0x00000000d5780000, 0x0000000580100000)
  object space 1398272K, 0% used [0x0000000080200000,0x000000008021a010,0x00000000d5780000)
 Metaspace       used 17937K, capacity 18150K, committed 18304K, reserved 1064960K
  class space    used 2590K, capacity 2663K, committed 2688K, reserved 1048576K
Event: 16.615 GC heap after
Heap after GC invocations=6 (full 0):
 PSYoungGen      total 4208128K, used 4863K [0x0000000580100000, 0x0000000681900000, 0x0000000800000000)
  eden space 4198400K, 0% used [0x0000000580100000,0x0000000580100000,0x0000000680500000)
  from space 9728K, 49% used [0x0000000680f80000,0x000000068143ff40,0x0000000681900000)
  to   space 10240K, 0% used [0x0000000680500000,0x0000000680500000,0x0000000680f00000)
 ParOldGen       total 1398272K, used 112K [0x0000000080200000, 0x00000000d5780000, 0x0000000580100000)
  object space 1398272K, 0% used [0x0000000080200000,0x000000008021c010,0x00000000d5780000)
 Metaspace       used 17937K, capacity 18150K, committed 18304K, reserved 1064960K
  class space    used 2590K, capacity 2663K, committed 2688K, reserved 1048576K
}
Event: 31.160 GC heap before
{Heap before GC invocations=7 (full 0):
 PSYoungGen      total 4208128K, used 4203263K [0x0000000580100000, 0x0000000681900000, 0x0000000800000000)
  eden space 4198400K, 100% used [0x0000000580100000,0x0000000680500000,0x0000000680500000)
  from space 9728K, 49% used [0x0000000680f80000,0x000000068143ff40,0x0000000681900000)
  to   space 10240K, 0% used [0x0000000680500000,0x0000000680500000,0x0000000680f00000)
 ParOldGen       total 1398272K, used 112K [0x0000000080200000, 0x00000000d5780000, 0x0000000580100000)
  object space 1398272K, 0% used [0x0000000080200000,0x000000008021c010,0x00000000d5780000)
 Metaspace       used 17952K, capacity 18214K, committed 18560K, reserved 1064960K
  class space    used 2590K, capacity 2663K, committed 2688K, reserved 1048576K

